Using pre-set license
Built from '6000.1/staging' branch; Version is '6000.1.5f1 (923722cbbcfc) revision 9582370'; Using compiler version '194234433'; Build Type 'Release'
OS: 'Windows 11  (10.0.26100) 64bit Core' Language: 'ko' Physical Memory: 32694 MB
BatchMode: 1, IsHumanControllingUs: 0, StartBugReporterOnCrash: 0, Is64bit: 1, IsPro: 1
Date: 2025-06-25T17:34:29Z

COMMAND LINE ARGUMENTS:
C:\Program Files\Unity\Hub\Editor\6000.1.5f1\Editor\Unity.exe
-adb2
-batchMode
-noUpm
-name
AssetImportWorker1
-projectPath
C:/Users/yobar/ProjectD_and_R
-logFile
Logs/AssetImportWorker1.log
-srvPort
8382
-job-worker-count
7
-background-job-worker-count
8
-gc-helper-count
1
-name
AssetImport
Successfully changed project path to: C:/Users/yobar/ProjectD_and_R
C:/Users/yobar/ProjectD_and_R
[UnityMemory] Configuration Parameters - Can be set up in boot.config
    "memorysetup-allocator-temp-initial-block-size-main=262144"
    "memorysetup-allocator-temp-initial-block-size-worker=262144"
    "memorysetup-bucket-allocator-granularity=16"
    "memorysetup-bucket-allocator-bucket-count=8"
    "memorysetup-bucket-allocator-block-size=33554432"
    "memorysetup-bucket-allocator-block-count=8"
    "memorysetup-main-allocator-block-size=16777216"
    "memorysetup-thread-allocator-block-size=16777216"
    "memorysetup-gfx-main-allocator-block-size=16777216"
    "memorysetup-gfx-thread-allocator-block-size=16777216"
    "memorysetup-cache-allocator-block-size=4194304"
    "memorysetup-typetree-allocator-block-size=2097152"
    "memorysetup-profiler-bucket-allocator-granularity=16"
    "memorysetup-profiler-bucket-allocator-bucket-count=8"
    "memorysetup-profiler-bucket-allocator-block-size=33554432"
    "memorysetup-profiler-bucket-allocator-block-count=8"
    "memorysetup-profiler-allocator-block-size=16777216"
    "memorysetup-profiler-editor-allocator-block-size=1048576"
    "memorysetup-temp-allocator-size-main=16777216"
    "memorysetup-job-temp-allocator-block-size=2097152"
    "memorysetup-job-temp-allocator-block-size-background=1048576"
    "memorysetup-job-temp-allocator-reduction-small-platforms=262144"
    "memorysetup-temp-allocator-size-background-worker=32768"
    "memorysetup-temp-allocator-size-job-worker=262144"
    "memorysetup-temp-allocator-size-preload-manager=33554432"
    "memorysetup-temp-allocator-size-nav-mesh-worker=65536"
    "memorysetup-temp-allocator-size-audio-worker=65536"
    "memorysetup-temp-allocator-size-cloud-worker=32768"
    "memorysetup-temp-allocator-size-gi-baking-worker=262144"
    "memorysetup-temp-allocator-size-gi-baking-worker=262144"
    "memorysetup-temp-allocator-size-gi-baking-worker=262144"
    "memorysetup-temp-allocator-size-gi-baking-worker=262144"
    "memorysetup-temp-allocator-size-gi-baking-worker=262144"
    "memorysetup-temp-allocator-size-gfx=262144"
Player connection [25416]  Target information:

Player connection [25416]  * "[IP] 222.108.111.232 [Port] 0 [Flags] 2 [Guid] 1361516806 [EditorId] 1361516806 [Version] 1048832 [Id] WindowsEditor(7,DESKTOP-SOO) [Debug] 1 [PackageName] WindowsEditor [ProjectName] Editor" 

Player connection [25416] Host joined multi-casting on [225.0.0.222:54997]...
Player connection [25416] Host joined alternative multi-casting on [225.0.0.222:34997]...
JobSystem: Creating JobQueue using job-worker-count value 7
Input System module state changed to: Initialized.
[Physics::Module] Initialized fallback backend.
[Physics::Module] Id: 0xdecafbad
Library Redirect Path: Library/
[Physics::Module] Selected backend.
[Physics::Module] Name: PhysX
[Physics::Module] Id: 0xf2b8ea05
[Physics::Module] SDK Version: 4.1.2
[Physics::Module] Integration Version: 1.0.0
[Physics::Module] Threading Mode: Multi-Threaded
Refreshing native plugins compatible for Editor in 5.67 ms, found 2 plugins.
Preloading 0 native plugins for Editor in 0.00 ms.
Initialize engine version: 6000.1.5f1 (923722cbbcfc)
[Subsystems] Discovering subsystems at path C:/Program Files/Unity/Hub/Editor/6000.1.5f1/Editor/Data/Resources/UnitySubsystems
[Subsystems] Discovering subsystems at path C:/Users/yobar/ProjectD_and_R/Assets
GfxDevice: creating device client; kGfxThreadingModeNonThreaded
Direct3D:
    Version:         Direct3D 12 [level 12.1]
    Renderer:        AMD Radeon RX 7900 XTX (ID=0x744c)
    Vendor:          ATI
    VRAM:            24560 MB
    App VRAM Budget: 23745 MB
    Driver:          32.0.21013.1000
Initialize mono
Mono path[0] = 'C:/Program Files/Unity/Hub/Editor/6000.1.5f1/Editor/Data/Managed'
Mono path[1] = 'C:/Program Files/Unity/Hub/Editor/6000.1.5f1/Editor/Data/MonoBleedingEdge/lib/mono/unityjit-win32'
Mono config path = 'C:/Program Files/Unity/Hub/Editor/6000.1.5f1/Editor/Data/MonoBleedingEdge/etc'
Using monoOptions --debugger-agent=transport=dt_socket,embedding=1,server=y,suspend=n,address=127.0.0.1:56652
Begin MonoManager ReloadAssembly
Registering precompiled unity dll's ...
Register platform support module: C:/Program Files/Unity/Hub/Editor/6000.1.5f1/Editor/Data/PlaybackEngines/WebGLSupport/UnityEditor.WebGL.Extensions.dll
Register platform support module: C:/Program Files/Unity/Hub/Editor/6000.1.5f1/Editor/Data/PlaybackEngines/WindowsStandaloneSupport/UnityEditor.WindowsStandalone.Extensions.dll
Registered in 0.002290 seconds.
- Loaded All Assemblies, in  0.354 seconds
Native extension for WindowsStandalone target not found
Native extension for WebGL target not found
Mono: successfully reloaded assembly
- Finished resetting the current domain, in  0.296 seconds
Domain Reload Profiling: 647ms
	BeginReloadAssembly (119ms)
		ExecutionOrderSort (0ms)
		DisableScriptedObjects (0ms)
		BackupInstance (0ms)
		ReleaseScriptingObjects (0ms)
		CreateAndSetChildDomain (1ms)
	RebuildCommonClasses (35ms)
	RebuildNativeTypeToScriptingClass (10ms)
	initialDomainReloadingComplete (47ms)
	LoadAllAssembliesAndSetupDomain (140ms)
		LoadAssemblies (116ms)
		RebuildTransferFunctionScriptingTraits (0ms)
		AnalyzeDomain (137ms)
			TypeCache.Refresh (136ms)
				TypeCache.ScanAssembly (125ms)
			BuildScriptInfoCaches (0ms)
			ResolveRequiredComponents (0ms)
	FinalizeReload (297ms)
		ReleaseScriptCaches (0ms)
		RebuildScriptCaches (0ms)
		SetupLoadedEditorAssemblies (269ms)
			LogAssemblyErrors (0ms)
			InitializePlatformSupportModulesInManaged (47ms)
			SetLoadedEditorAssemblies (3ms)
			BeforeProcessingInitializeOnLoad (55ms)
			ProcessInitializeOnLoadAttributes (114ms)
			ProcessInitializeOnLoadMethodAttributes (50ms)
			AfterProcessingInitializeOnLoad (0ms)
			EditorAssembliesLoaded (0ms)
		ExecutionOrderSort2 (0ms)
		AwakeInstancesAfterBackupRestoration (0ms)
========================================================================
Worker process is ready to serve import requests
Import Worker Mode flag is 0x00
Begin MonoManager ReloadAssembly
Symbol file LoadedFromMemory is not a mono symbol file
- Loaded All Assemblies, in  0.590 seconds
Refreshing native plugins compatible for Editor in 6.38 ms, found 2 plugins.
Native extension for WindowsStandalone target not found
Native extension for WebGL target not found
Refreshing native plugins compatible for Editor in 5.53 ms, found 2 plugins.
Mono: successfully reloaded assembly
- Finished resetting the current domain, in  0.566 seconds
Domain Reload Profiling: 1151ms
	BeginReloadAssembly (169ms)
		ExecutionOrderSort (0ms)
		DisableScriptedObjects (7ms)
		BackupInstance (0ms)
		ReleaseScriptingObjects (0ms)
		CreateAndSetChildDomain (29ms)
	RebuildCommonClasses (37ms)
	RebuildNativeTypeToScriptingClass (11ms)
	initialDomainReloadingComplete (40ms)
	LoadAllAssembliesAndSetupDomain (327ms)
		LoadAssemblies (308ms)
		RebuildTransferFunctionScriptingTraits (0ms)
		AnalyzeDomain (114ms)
			TypeCache.Refresh (86ms)
				TypeCache.ScanAssembly (73ms)
			BuildScriptInfoCaches (24ms)
			ResolveRequiredComponents (2ms)
	FinalizeReload (567ms)
		ReleaseScriptCaches (0ms)
		RebuildScriptCaches (0ms)
		SetupLoadedEditorAssemblies (472ms)
			LogAssemblyErrors (0ms)
			InitializePlatformSupportModulesInManaged (2ms)
			SetLoadedEditorAssemblies (4ms)
			BeforeProcessingInitializeOnLoad (89ms)
			ProcessInitializeOnLoadAttributes (232ms)
			ProcessInitializeOnLoadMethodAttributes (137ms)
			AfterProcessingInitializeOnLoad (8ms)
			EditorAssembliesLoaded (0ms)
		ExecutionOrderSort2 (0ms)
		AwakeInstancesAfterBackupRestoration (7ms)
Launched and connected shader compiler UnityShaderCompiler.exe after 0.01 seconds
Refreshing native plugins compatible for Editor in 6.23 ms, found 2 plugins.
Preloading 0 native plugins for Editor in 0.00 ms.
Unloading 10 Unused Serialized files (Serialized files now loaded: 0)
Unloading 2785 unused Assets / (0.7 MB). Loaded Objects now: 3290.
Memory consumption went from 97.7 MB to 97.0 MB.
Total: 8.356000 ms (FindLiveObjects: 0.290000 ms CreateObjectMapping: 0.115700 ms MarkObjects: 7.363200 ms  DeleteObjects: 0.586700 ms)

========================================================================
Received Import Request.
  Time since last request: 738221.636832 seconds.
  path: Assets/01.Scenes/DefenceTset_02.unity
  artifactKey: Guid(5ce06846e37b0de4a8b884aca2eb6057) Importer(815301076,1909f56bfc062723c751e8b465ee728b)
Start importing Assets/01.Scenes/DefenceTset_02.unity using Guid(5ce06846e37b0de4a8b884aca2eb6057) Importer(815301076,1909f56bfc062723c751e8b465ee728b) (PreviewImporter) -> (artifact id: '1b5d5ce02f2f06764a76b427e771c683') in 0.0036881 seconds
Number of updated asset objects reloaded before import = 0Number of asset objects unloaded after import = 0

========================================================================
Received Import Request.
  Time since last request: 51.182531 seconds.
  path: Assets/04.Art/Materials/ALP_Assets/Realistic Terrain Textures Lite/Textures/Ground003.tif
  artifactKey: Guid(dd4cb1153d607834482aa2cff04fcf07) Importer(815301076,1909f56bfc062723c751e8b465ee728b)
Start importing Assets/04.Art/Materials/ALP_Assets/Realistic Terrain Textures Lite/Textures/Ground003.tif using Guid(dd4cb1153d607834482aa2cff04fcf07) Importer(815301076,1909f56bfc062723c751e8b465ee728b) (PreviewImporter) -> (artifact id: '2a8e7250f9c8fe4c68169b4aba4ef578') in 0.0700465 seconds
Number of updated asset objects reloaded before import = 0Number of asset objects unloaded after import = 2

========================================================================
Received Import Request.
  Time since last request: 0.000019 seconds.
  path: Assets/04.Art/Materials/ALP_Assets/Realistic Terrain Textures Lite/Textures/Ground005.tif
  artifactKey: Guid(58292f517ca2b2448beb5c13a11452ed) Importer(815301076,1909f56bfc062723c751e8b465ee728b)
Start importing Assets/04.Art/Materials/ALP_Assets/Realistic Terrain Textures Lite/Textures/Ground005.tif using Guid(58292f517ca2b2448beb5c13a11452ed) Importer(815301076,1909f56bfc062723c751e8b465ee728b) (PreviewImporter) -> (artifact id: '3befeabac064de6df669a41e4e950a5e') in 0.0191601 seconds
Number of updated asset objects reloaded before import = 0Number of asset objects unloaded after import = 2

========================================================================
Received Import Request.
  Time since last request: 0.000041 seconds.
  path: Assets/04.Art/Materials/ALP_Assets/Realistic Terrain Textures Lite/Textures/GroundPatchCracked01.tif
  artifactKey: Guid(48e7b7fead1e7c94298c74f5dd80c7e3) Importer(815301076,1909f56bfc062723c751e8b465ee728b)
Start importing Assets/04.Art/Materials/ALP_Assets/Realistic Terrain Textures Lite/Textures/GroundPatchCracked01.tif using Guid(48e7b7fead1e7c94298c74f5dd80c7e3) Importer(815301076,1909f56bfc062723c751e8b465ee728b) (PreviewImporter) -> (artifact id: 'bb98ac98112dc8db03b880caf9e3fa67') in 0.0127734 seconds
Number of updated asset objects reloaded before import = 0Number of asset objects unloaded after import = 2

========================================================================
Received Import Request.
  Time since last request: 119.609291 seconds.
  path: Assets/04.Art/Materials/Test_02.mat
  artifactKey: Guid(a90d86f28a68f1449804d4b92d43de35) Importer(815301076,1909f56bfc062723c751e8b465ee728b)
Start importing Assets/04.Art/Materials/Test_02.mat using Guid(a90d86f28a68f1449804d4b92d43de35) Importer(815301076,1909f56bfc062723c751e8b465ee728b) (PreviewImporter) -> (artifact id: '011ebb5bd14301769adc89cb312811a5') in 0.1637016 seconds
Number of updated asset objects reloaded before import = 0Number of asset objects unloaded after import = 1

========================================================================
Received Import Request.
  Time since last request: 0.000015 seconds.
  path: Assets/04.Art/Materials/Test_03.mat
  artifactKey: Guid(67716a98b2b8b37449882e1cc2a048ad) Importer(815301076,1909f56bfc062723c751e8b465ee728b)
Start importing Assets/04.Art/Materials/Test_03.mat using Guid(67716a98b2b8b37449882e1cc2a048ad) Importer(815301076,1909f56bfc062723c751e8b465ee728b) (PreviewImporter) -> (artifact id: '5fe58d82b3c3253194fb02c0027da7d4') in 0.0126903 seconds
Number of updated asset objects reloaded before import = 0Number of asset objects unloaded after import = 1

========================================================================
Received Import Request.
  Time since last request: 0.000019 seconds.
  path: Assets/04.Art/Materials/Test_04.mat
  artifactKey: Guid(5829e90e95144a74ea5d808fbc8cb3e6) Importer(815301076,1909f56bfc062723c751e8b465ee728b)
Start importing Assets/04.Art/Materials/Test_04.mat using Guid(5829e90e95144a74ea5d808fbc8cb3e6) Importer(815301076,1909f56bfc062723c751e8b465ee728b) (PreviewImporter) -> (artifact id: '22be4683e51633dfca33e9c664c06794') in 0.0127494 seconds
Number of updated asset objects reloaded before import = 0Number of asset objects unloaded after import = 1

========================================================================
Received Import Request.
  Time since last request: 151.214115 seconds.
  path: Assets/04.Art/Structures&Objects/Reversed Interactive/The Portal Collection/Prefabs/PortalFive.prefab
  artifactKey: Guid(f546e48c3995d33479c34ed605db241c) Importer(815301076,1909f56bfc062723c751e8b465ee728b)
Start importing Assets/04.Art/Structures&Objects/Reversed Interactive/The Portal Collection/Prefabs/PortalFive.prefab using Guid(f546e48c3995d33479c34ed605db241c) Importer(815301076,1909f56bfc062723c751e8b465ee728b) (PreviewImporter) -> (artifact id: 'b689b20d8f907503dc61b1f24f3299eb') in 0.0558558 seconds
Number of updated asset objects reloaded before import = 0Number of asset objects unloaded after import = 23

========================================================================
Received Import Request.
  Time since last request: 0.000018 seconds.
  path: Assets/04.Art/Structures&Objects/Reversed Interactive/The Portal Collection/Prefabs/PortalTen.prefab
  artifactKey: Guid(72578c20ed327454fadee733de75d805) Importer(815301076,1909f56bfc062723c751e8b465ee728b)
Start importing Assets/04.Art/Structures&Objects/Reversed Interactive/The Portal Collection/Prefabs/PortalTen.prefab using Guid(72578c20ed327454fadee733de75d805) Importer(815301076,1909f56bfc062723c751e8b465ee728b) (PreviewImporter) -> (artifact id: 'e5e93f91c5478e6c30e04c15ab587e63') in 0.0237733 seconds
Number of updated asset objects reloaded before import = 0Number of asset objects unloaded after import = 23

========================================================================
Received Import Request.
  Time since last request: 0.000029 seconds.
  path: Assets/04.Art/Structures&Objects/Reversed Interactive/The Portal Collection/Prefabs/PortalOne.prefab
  artifactKey: Guid(ab1ff9d9fd78cbd439f4aa6f36cb662d) Importer(815301076,1909f56bfc062723c751e8b465ee728b)
Start importing Assets/04.Art/Structures&Objects/Reversed Interactive/The Portal Collection/Prefabs/PortalOne.prefab using Guid(ab1ff9d9fd78cbd439f4aa6f36cb662d) Importer(815301076,1909f56bfc062723c751e8b465ee728b) (PreviewImporter) -> (artifact id: '40980e8a3d40fc1a5a34ce52be369284') in 0.0215323 seconds
Number of updated asset objects reloaded before import = 0Number of asset objects unloaded after import = 22

========================================================================
Received Import Request.
  Time since last request: 0.000038 seconds.
  path: Assets/04.Art/Structures&Objects/Reversed Interactive/The Portal Collection/Prefabs/PortalSix.prefab
  artifactKey: Guid(4e6a9a31a838a4d4da5d25eddb0efbfb) Importer(815301076,1909f56bfc062723c751e8b465ee728b)
Start importing Assets/04.Art/Structures&Objects/Reversed Interactive/The Portal Collection/Prefabs/PortalSix.prefab using Guid(4e6a9a31a838a4d4da5d25eddb0efbfb) Importer(815301076,1909f56bfc062723c751e8b465ee728b) (PreviewImporter) -> (artifact id: '8be8836cb0c4b09609c2bfd646393647') in 0.026958 seconds
Number of updated asset objects reloaded before import = 0Number of asset objects unloaded after import = 22

========================================================================
Received Import Request.
  Time since last request: 0.000014 seconds.
  path: Assets/04.Art/Structures&Objects/Reversed Interactive/The Portal Collection/Prefabs/PortalThree.prefab
  artifactKey: Guid(ad1b178074e9f794d974b6df80c99387) Importer(815301076,1909f56bfc062723c751e8b465ee728b)
Start importing Assets/04.Art/Structures&Objects/Reversed Interactive/The Portal Collection/Prefabs/PortalThree.prefab using Guid(ad1b178074e9f794d974b6df80c99387) Importer(815301076,1909f56bfc062723c751e8b465ee728b) (PreviewImporter) -> (artifact id: '6b3c411419cc6368e5c3279b52c7d23b') in 0.0272251 seconds
Number of updated asset objects reloaded before import = 0Number of asset objects unloaded after import = 26

========================================================================
Received Import Request.
  Time since last request: 0.000017 seconds.
  path: Assets/04.Art/Structures&Objects/Reversed Interactive/The Portal Collection/Prefabs/PortalFour.prefab
  artifactKey: Guid(7babc7f190d5bc3438611fc3ba4af654) Importer(815301076,1909f56bfc062723c751e8b465ee728b)
Start importing Assets/04.Art/Structures&Objects/Reversed Interactive/The Portal Collection/Prefabs/PortalFour.prefab using Guid(7babc7f190d5bc3438611fc3ba4af654) Importer(815301076,1909f56bfc062723c751e8b465ee728b) (PreviewImporter) -> (artifact id: 'd16734fe8c4b6f53f2dcc1659a232287') in 0.0226883 seconds
Number of updated asset objects reloaded before import = 0Number of asset objects unloaded after import = 22

Editor requested this worker to shutdown with reason: Scaling down because of idle timeout
AssetImportWorker is now disconnected from the server
Process exiting
Exiting without the bug reporter. Application will terminate with return code 0